<?xml version="1.0" encoding="UTF-8"?>
<testng-results skipped="0" failed="0" ignored="0" total="1" passed="1">
  <reporter-output>
  </reporter-output>
  <suite name="Selenium Course" duration-ms="22994" started-at="2017-04-03T08:06:46Z" finished-at="2017-04-03T08:07:09Z">
    <groups>
    </groups>
    <test name="ChromeTest" duration-ms="22994" started-at="2017-04-03T08:06:46Z" finished-at="2017-04-03T08:07:09Z">
      <class name="Selenium.Course.Lesson5.Workshop05Test">
        <test-method status="PASS" signature="initBrowser()[pri:0, instance:Selenium.Course.Lesson5.Workshop05Test@735b478]" name="initBrowser" is-config="true" duration-ms="11626" started-at="2017-04-03T10:06:46Z" finished-at="2017-04-03T10:06:58Z">
          <reporter-output>
          </reporter-output>
        </test-method> <!-- initBrowser -->
        <test-method status="PASS" signature="ShouldSelectAnswers()[pri:0, instance:Selenium.Course.Lesson5.Workshop05Test@735b478]" name="ShouldSelectAnswers" duration-ms="7477" started-at="2017-04-03T10:06:58Z" finished-at="2017-04-03T10:07:06Z">
          <reporter-output>
          </reporter-output>
        </test-method> <!-- ShouldSelectAnswers -->
        <test-method status="PASS" signature="terminateBrowser()[pri:0, instance:Selenium.Course.Lesson5.Workshop05Test@735b478]" name="terminateBrowser" is-config="true" duration-ms="3804" started-at="2017-04-03T10:07:06Z" finished-at="2017-04-03T10:07:09Z">
          <reporter-output>
          </reporter-output>
        </test-method> <!-- terminateBrowser -->
      </class> <!-- Selenium.Course.Lesson5.Workshop05Test -->
    </test> <!-- ChromeTest -->
  </suite> <!-- Selenium Course -->
</testng-results>
