<?xml version="1.0" encoding="UTF-8"?>
<testng-results skipped="0" failed="0" ignored="0" total="1" passed="1">
  <reporter-output>
  </reporter-output>
  <suite name="Selenium Course" duration-ms="19770" started-at="2017-04-03T14:24:43Z" finished-at="2017-04-03T14:25:02Z">
    <groups>
    </groups>
    <test name="ChromeTest" duration-ms="19770" started-at="2017-04-03T14:24:43Z" finished-at="2017-04-03T14:25:02Z">
      <class name="Selenium.Course.Lesson7.Workshop07Test">
        <test-method status="PASS" signature="initBrowser()[pri:0, instance:Selenium.Course.Lesson7.Workshop07Test@50f8360d]" name="initBrowser" is-config="true" duration-ms="7144" started-at="2017-04-03T16:24:43Z" finished-at="2017-04-03T16:24:50Z">
          <reporter-output>
          </reporter-output>
        </test-method> <!-- initBrowser -->
        <test-method status="PASS" signature="ShouldSelectAnswers()[pri:0, instance:Selenium.Course.Lesson7.Workshop07Test@50f8360d]" name="ShouldSelectAnswers" duration-ms="9212" started-at="2017-04-03T16:24:50Z" finished-at="2017-04-03T16:24:59Z">
          <reporter-output>
          </reporter-output>
        </test-method> <!-- ShouldSelectAnswers -->
        <test-method status="PASS" signature="terminateBrowser()[pri:0, instance:Selenium.Course.Lesson7.Workshop07Test@50f8360d]" name="terminateBrowser" is-config="true" duration-ms="3344" started-at="2017-04-03T16:24:59Z" finished-at="2017-04-03T16:25:02Z">
          <reporter-output>
          </reporter-output>
        </test-method> <!-- terminateBrowser -->
      </class> <!-- Selenium.Course.Lesson7.Workshop07Test -->
    </test> <!-- ChromeTest -->
  </suite> <!-- Selenium Course -->
</testng-results>
