<?xml version="1.0" encoding="UTF-8"?>
<!-- Generated by org.testng.reporters.JUnitXMLReporter -->
<testsuite hostname="Pawel-laptop" ignored="0" name="ChromeTest" tests="7" failures="0" timestamp="26 Feb 2017 19:57:05 GMT" time="25.167" errors="0">
  <testcase name="ShouldTestActiveCheckbox" time="6.879" classname="Selenium.Course.Lesson1.Workshop01Test"/>
  <testcase name="ShouldTestCommentInput" time="0.86" classname="Selenium.Course.Lesson1.Workshop01Test"/>
  <testcase name="ShouldTestCountry" time="0.557" classname="Selenium.Course.Lesson1.Workshop01Test"/>
  <testcase name="ShouldTestDetailsLink" time="0.591" classname="Selenium.Course.Lesson1.Workshop01Test"/>
  <testcase name="ShouldTestFirstName" time="0.566" classname="Selenium.Course.Lesson1.Workshop01Test"/>
  <testcase name="ShouldTestLastName" time="0.569" classname="Selenium.Course.Lesson1.Workshop01Test"/>
  <testcase name="ShouldTestListOfBooksLink" time="0.697" classname="Selenium.Course.Lesson1.Workshop01Test"/>
</testsuite> <!-- ChromeTest -->
